-------------------------------------------------------------------------------
Test set: com.clientApi.config.DatabaseInitializationTest
-------------------------------------------------------------------------------
Tests run: 1, Failures: 0, Errors: 1, Skipped: 0, Time elapsed: 1.106 s <<< FAILURE! -- in com.clientApi.config.DatabaseInitializationTest
com.clientApi.config.DatabaseInitializationTest.testSequenceInitialization -- Time elapsed: 0.015 s <<< ERROR!
org.springframework.jdbc.BadSqlGrammarException: StatementCallback; bad SQL grammar [SELECT nextval('client_sequence')]
	at org.springframework.jdbc.support.SQLExceptionSubclassTranslator.doTranslate(SQLExceptionSubclassTranslator.java:103)
	at org.springframework.jdbc.support.AbstractFallbackSQLExceptionTranslator.translate(AbstractFallbackSQLExceptionTranslator.java:107)
	at org.springframework.jdbc.core.JdbcTemplate.translateException(JdbcTemplate.java:1548)
	at org.springframework.jdbc.core.JdbcTemplate.execute(JdbcTemplate.java:408)
	at org.springframework.jdbc.core.JdbcTemplate.query(JdbcTemplate.java:476)
	at org.springframework.jdbc.core.JdbcTemplate.query(JdbcTemplate.java:486)
	at org.springframework.jdbc.core.JdbcTemplate.queryForObject(JdbcTemplate.java:519)
	at org.springframework.jdbc.core.JdbcTemplate.queryForObject(JdbcTemplate.java:526)
	at com.clientApi.config.DatabaseInitializationTest.testSequenceInitialization(DatabaseInitializationTest.java:21)
	at java.base/java.lang.reflect.Method.invoke(Method.java:580)
	at java.base/java.util.ArrayList.forEach(ArrayList.java:1596)
	at java.base/java.util.ArrayList.forEach(ArrayList.java:1596)
Caused by: org.h2.jdbc.JdbcSQLSyntaxErrorException: Séquence "CLIENT_SEQUENCE" non trouvée
Sequence "CLIENT_SEQUENCE" not found; SQL statement:
SELECT nextval('client_sequence') [90036-224]
	at org.h2.message.DbException.getJdbcSQLException(DbException.java:644)
	at org.h2.message.DbException.getJdbcSQLException(DbException.java:489)
	at org.h2.message.DbException.get(DbException.java:223)
	at org.h2.message.DbException.get(DbException.java:199)
	at org.h2.schema.Schema.getSequence(Schema.java:671)
	at org.h2.expression.function.CompatibilitySequenceValueFunction.getValue(CompatibilitySequenceValueFunction.java:65)
	at org.h2.expression.function.Function1_2.getValue(Function1_2.java:39)
	at org.h2.command.query.Select$LazyResultQueryFlat.fetchNextRow(Select.java:1851)
	at org.h2.result.LazyResult.hasNext(LazyResult.java:78)
	at org.h2.result.FetchedResult.next(FetchedResult.java:34)
	at org.h2.command.query.Select.queryFlat(Select.java:728)
	at org.h2.command.query.Select.queryWithoutCache(Select.java:833)
	at org.h2.command.query.Query.queryWithoutCacheLazyCheck(Query.java:197)
	at org.h2.command.query.Query.query(Query.java:520)
	at org.h2.command.query.Query.query(Query.java:483)
	at org.h2.command.CommandContainer.query(CommandContainer.java:252)
	at org.h2.command.Command.executeQuery(Command.java:192)
	at org.h2.jdbc.JdbcStatement.executeQuery(JdbcStatement.java:101)
	at com.zaxxer.hikari.pool.ProxyStatement.executeQuery(ProxyStatement.java:110)
	at com.zaxxer.hikari.pool.HikariProxyStatement.executeQuery(HikariProxyStatement.java)
	at org.springframework.jdbc.core.JdbcTemplate$1QueryStatementCallback.doInStatement(JdbcTemplate.java:463)
	at org.springframework.jdbc.core.JdbcTemplate.execute(JdbcTemplate.java:393)
	... 8 more

