<?xml version="1.0" encoding="UTF-8"?>
<testsuite xmlns:xsi="http://www.w3.org/2001/XMLSchema-instance" xsi:noNamespaceSchemaLocation="https://maven.apache.org/surefire/maven-surefire-plugin/xsd/surefire-test-report-3.0.xsd" version="3.0" name="com.clientApi.client.CustomerRepositoryTest" time="10.329" tests="5" errors="0" skipped="0" failures="0">
  <properties>
[...]
</properties>
  <testcase name="testFindCustomerById" classname="com.clientApi.client.CustomerRepositoryTest" time="0.404">
    <system-out><![CDATA[20:30:28.022 [main] INFO org.springframework.boot.devtools.restart.RestartApplicationListener -- Restart disabled due to context in which it is running

  .   ____          _            __ _ _
 /\\ / ___'_ __ _ _(_)_ __  __ _ \ \ \ \
( ( )\___ | '_ | '_| | '_ \/ _` | \ \ \ \
 \\/  ___)| |_)| | | | | || (_| |  ) ) ) )
  '  |____| .__|_| |_|_| |_\__, | / / / /
 =========|_|==============|___/=/_/_/_/
 :: Spring Boot ::                (v3.2.4)

2024-06-19T20:30:28.699+02:00  INFO 1648 --- [           main] c.c.client.CustomerRepositoryTest        : Starting CustomerRepositoryTest using Java 21.0.3 with PID 1648 (started by LG in C:\Users\rahmo\WORKSPACE\MSPR_DEV\MSPR_Clients_API)
2024-06-19T20:30:28.702+02:00  INFO 1648 --- [           main] c.c.client.CustomerRepositoryTest        : No active profile set, falling back to 1 default profile: "default"
2024-06-19T20:30:29.932+02:00  INFO 1648 --- [           main] .s.d.r.c.RepositoryConfigurationDelegate : Bootstrapping Spring Data JPA repositories in DEFAULT mode.
2024-06-19T20:30:30.051+02:00  INFO 1648 --- [           main] .s.d.r.c.RepositoryConfigurationDelegate : Finished Spring Data repository scanning in 99 ms. Found 1 JPA repository interface.
2024-06-19T20:30:31.064+02:00  INFO 1648 --- [           main] o.hibernate.jpa.internal.util.LogHelper  : HHH000204: Processing PersistenceUnitInfo [name: default]
2024-06-19T20:30:31.214+02:00  INFO 1648 --- [           main] org.hibernate.Version                    : HHH000412: Hibernate ORM core version 6.4.4.Final
2024-06-19T20:30:31.297+02:00  INFO 1648 --- [           main] o.h.c.internal.RegionFactoryInitiator    : HHH000026: Second-level cache disabled
2024-06-19T20:30:31.581+02:00  INFO 1648 --- [           main] o.s.o.j.p.SpringPersistenceUnitInfo      : No LoadTimeWeaver setup: ignoring JPA class transformer
2024-06-19T20:30:31.622+02:00  INFO 1648 --- [           main] com.zaxxer.hikari.HikariDataSource       : HikariPool-1 - Starting...
2024-06-19T20:30:32.231+02:00  INFO 1648 --- [           main] com.zaxxer.hikari.pool.HikariPool        : HikariPool-1 - Added connection com.mysql.cj.jdbc.ConnectionImpl@4a6ed38
2024-06-19T20:30:32.236+02:00  INFO 1648 --- [           main] com.zaxxer.hikari.HikariDataSource       : HikariPool-1 - Start completed.
2024-06-19T20:30:32.401+02:00  WARN 1648 --- [           main] org.hibernate.orm.deprecation            : HHH90000025: MySQLDialect does not need to be specified explicitly using 'hibernate.dialect' (remove the property setting and it will be selected by default)
2024-06-19T20:30:34.308+02:00  INFO 1648 --- [           main] o.h.e.t.j.p.i.JtaPlatformInitiator       : HHH000489: No JTA platform available (set 'hibernate.transaction.jta.platform' to enable JTA platform integration)
Hibernate: 
    drop table if exists client_sequence_id
Hibernate: 
    drop table if exists customer
Hibernate: 
    create table client_sequence_id (
        next_val bigint
    ) engine=InnoDB
Hibernate: 
    insert into client_sequence_id values ( 1 )
Hibernate: 
    create table customer (
        creation_date date,
        update_date date,
        id bigint not null,
        email varchar(255),
        first_name varchar(255),
        last_name varchar(255),
        password varchar(255),
        primary key (id)
    ) engine=InnoDB
Hibernate: 
    alter table customer 
       add constraint UKdwk6cx0afu8bs9o4t536v1j5v unique (email)
2024-06-19T20:30:34.490+02:00  INFO 1648 --- [           main] j.LocalContainerEntityManagerFactoryBean : Initialized JPA EntityManagerFactory for persistence unit 'default'
2024-06-19T20:30:36.029+02:00  WARN 1648 --- [           main] JpaBaseConfiguration$JpaWebConfiguration : spring.jpa.open-in-view is enabled by default. Therefore, database queries may be performed during view rendering. Explicitly configure spring.jpa.open-in-view to disable this warning
2024-06-19T20:30:36.258+02:00  INFO 1648 --- [           main] o.s.s.web.DefaultSecurityFilterChain     : Will secure any request with [org.springframework.security.web.session.DisableEncodeUrlFilter@6e4ccc5f, org.springframework.security.web.context.request.async.WebAsyncManagerIntegrationFilter@3fac6f2e, org.springframework.security.web.context.SecurityContextHolderFilter@5c80bd18, org.springframework.security.web.header.HeaderWriterFilter@5ca3ed3f, org.springframework.web.filter.CorsFilter@28d45c30, org.springframework.security.web.authentication.logout.LogoutFilter@5bc18ec9, com.clientApi.filter.JwtRequestFilter@355c3a21, org.springframework.security.web.savedrequest.RequestCacheAwareFilter@797618c3, org.springframework.security.web.servletapi.SecurityContextHolderAwareRequestFilter@31c995ba, org.springframework.security.web.authentication.AnonymousAuthenticationFilter@7c447b15, org.springframework.security.web.session.SessionManagementFilter@6c321ea1, org.springframework.security.web.access.ExceptionTranslationFilter@70e58e48, org.springframework.security.web.access.intercept.AuthorizationFilter@25365b30]
2024-06-19T20:30:36.518+02:00  WARN 1648 --- [           main] ion$DefaultTemplateResolverConfiguration : Cannot find template location: classpath:/templates/ (please add some templates, check your Thymeleaf configuration, or set spring.thymeleaf.check-template-location=false)
2024-06-19T20:30:36.863+02:00  INFO 1648 --- [           main] o.s.a.r.c.CachingConnectionFactory       : Attempting to connect to: [localhost:5672]
2024-06-19T20:30:36.957+02:00  INFO 1648 --- [           main] o.s.a.r.c.CachingConnectionFactory       : Created new connection: rabbitConnectionFactory#17c523e2:0/SimpleConnection@1b5becaf [delegate=amqp://guest@127.0.0.1:5672/, localPort=58506]
2024-06-19T20:30:36.965+02:00  INFO 1648 --- [           main] o.s.amqp.rabbit.core.RabbitAdmin         : Auto-declaring a non-durable, auto-delete, or exclusive Queue (orderQueue) durable:false, auto-delete:false, exclusive:false. It will be redeclared if the broker stops and is restarted while the connection factory is alive, but all messages will be lost.
2024-06-19T20:30:36.965+02:00  INFO 1648 --- [           main] o.s.amqp.rabbit.core.RabbitAdmin         : Auto-declaring a non-durable, auto-delete, or exclusive Queue (orderToSendQueue) durable:false, auto-delete:false, exclusive:false. It will be redeclared if the broker stops and is restarted while the connection factory is alive, but all messages will be lost.
2024-06-19T20:30:36.965+02:00  INFO 1648 --- [           main] o.s.amqp.rabbit.core.RabbitAdmin         : Auto-declaring a non-durable, auto-delete, or exclusive Queue (orderProductQueue) durable:false, auto-delete:false, exclusive:false. It will be redeclared if the broker stops and is restarted while the connection factory is alive, but all messages will be lost.
2024-06-19T20:30:36.965+02:00  INFO 1648 --- [           main] o.s.amqp.rabbit.core.RabbitAdmin         : Auto-declaring a non-durable, auto-delete, or exclusive Queue (clientIdsIdQueue) durable:false, auto-delete:false, exclusive:false. It will be redeclared if the broker stops and is restarted while the connection factory is alive, but all messages will be lost.
2024-06-19T20:30:36.965+02:00  INFO 1648 --- [           main] o.s.amqp.rabbit.core.RabbitAdmin         : Auto-declaring a non-durable, auto-delete, or exclusive Queue (responseClientIdsVerificationQueue) durable:false, auto-delete:false, exclusive:false. It will be redeclared if the broker stops and is restarted while the connection factory is alive, but all messages will be lost.
2024-06-19T20:30:37.053+02:00  INFO 1648 --- [           main] c.c.client.CustomerRepositoryTest        : Started CustomerRepositoryTest in 9.085 seconds (process running for 18.007)
Hibernate: 
    select
        next_val as id_val 
    from
        client_sequence_id for update
Hibernate: 
    update
        client_sequence_id 
    set
        next_val= ? 
    where
        next_val=?
Hibernate: 
    select
        next_val as id_val 
    from
        client_sequence_id for update
Hibernate: 
    update
        client_sequence_id 
    set
        next_val= ? 
    where
        next_val=?
Hibernate: 
    select
        next_val as id_val 
    from
        client_sequence_id for update
Hibernate: 
    update
        client_sequence_id 
    set
        next_val= ? 
    where
        next_val=?
Hibernate: 
    select
        next_val as id_val 
    from
        client_sequence_id for update
Hibernate: 
    update
        client_sequence_id 
    set
        next_val= ? 
    where
        next_val=?
Hibernate: 
    insert 
    into
        customer
        (creation_date, email, first_name, last_name, password, update_date, id) 
    values
        (?, ?, ?, ?, ?, ?, ?)
Hibernate: 
    insert 
    into
        customer
        (creation_date, email, first_name, last_name, password, update_date, id) 
    values
        (?, ?, ?, ?, ?, ?, ?)
Hibernate: 
    insert 
    into
        customer
        (creation_date, email, first_name, last_name, password, update_date, id) 
    values
        (?, ?, ?, ?, ?, ?, ?)
Hibernate: 
    insert 
    into
        customer
        (creation_date, email, first_name, last_name, password, update_date, id) 
    values
        (?, ?, ?, ?, ?, ?, ?)
Hibernate: 
    select
        c1_0.id,
        c1_0.creation_date,
        c1_0.email,
        c1_0.first_name,
        c1_0.last_name,
        c1_0.password,
        c1_0.update_date 
    from
        customer c1_0
Hibernate: 
    delete 
    from
        customer 
    where
        id=?
Hibernate: 
    delete 
    from
        customer 
    where
        id=?
Hibernate: 
    delete 
    from
        customer 
    where
        id=?
Hibernate: 
    delete 
    from
        customer 
    where
        id=?
Hibernate: 
    select
        next_val as id_val 
    from
        client_sequence_id for update
Hibernate: 
    update
        client_sequence_id 
    set
        next_val= ? 
    where
        next_val=?
Hibernate: 
    insert 
    into
        customer
        (creation_date, email, first_name, last_name, password, update_date, id) 
    values
        (?, ?, ?, ?, ?, ?, ?)
Hibernate: 
    select
        c1_0.id,
        c1_0.creation_date,
        c1_0.email,
        c1_0.first_name,
        c1_0.last_name,
        c1_0.password,
        c1_0.update_date 
    from
        customer c1_0 
    where
        c1_0.id=?
]]></system-out>
  </testcase>
  <testcase name="testUpdateCustomer" classname="com.clientApi.client.CustomerRepositoryTest" time="0.103">
    <system-out><![CDATA[Hibernate: 
    select
        c1_0.id,
        c1_0.creation_date,
        c1_0.email,
        c1_0.first_name,
        c1_0.last_name,
        c1_0.password,
        c1_0.update_date 
    from
        customer c1_0
Hibernate: 
    delete 
    from
        customer 
    where
        id=?
Hibernate: 
    select
        next_val as id_val 
    from
        client_sequence_id for update
Hibernate: 
    update
        client_sequence_id 
    set
        next_val= ? 
    where
        next_val=?
Hibernate: 
    insert 
    into
        customer
        (creation_date, email, first_name, last_name, password, update_date, id) 
    values
        (?, ?, ?, ?, ?, ?, ?)
Hibernate: 
    select
        c1_0.id,
        c1_0.creation_date,
        c1_0.email,
        c1_0.first_name,
        c1_0.last_name,
        c1_0.password,
        c1_0.update_date 
    from
        customer c1_0 
    where
        c1_0.id=?
Hibernate: 
    select
        count(*) 
    from
        customer c1_0 
    where
        c1_0.id=?
Hibernate: 
    update
        customer 
    set
        creation_date=?,
        email=?,
        first_name=?,
        last_name=?,
        password=?,
        update_date=? 
    where
        id=?
]]></system-out>
  </testcase>
  <testcase name="testSaveCustomer" classname="com.clientApi.client.CustomerRepositoryTest" time="0.035">
    <system-out><![CDATA[Hibernate: 
    select
        c1_0.id,
        c1_0.creation_date,
        c1_0.email,
        c1_0.first_name,
        c1_0.last_name,
        c1_0.password,
        c1_0.update_date 
    from
        customer c1_0
Hibernate: 
    delete 
    from
        customer 
    where
        id=?
Hibernate: 
    select
        next_val as id_val 
    from
        client_sequence_id for update
Hibernate: 
    update
        client_sequence_id 
    set
        next_val= ? 
    where
        next_val=?
Hibernate: 
    insert 
    into
        customer
        (creation_date, email, first_name, last_name, password, update_date, id) 
    values
        (?, ?, ?, ?, ?, ?, ?)
]]></system-out>
  </testcase>
  <testcase name="testDeleteCustomer" classname="com.clientApi.client.CustomerRepositoryTest" time="0.066">
    <system-out><![CDATA[Hibernate: 
    select
        c1_0.id,
        c1_0.creation_date,
        c1_0.email,
        c1_0.first_name,
        c1_0.last_name,
        c1_0.password,
        c1_0.update_date 
    from
        customer c1_0
Hibernate: 
    delete 
    from
        customer 
    where
        id=?
Hibernate: 
    select
        next_val as id_val 
    from
        client_sequence_id for update
Hibernate: 
    update
        client_sequence_id 
    set
        next_val= ? 
    where
        next_val=?
Hibernate: 
    insert 
    into
        customer
        (creation_date, email, first_name, last_name, password, update_date, id) 
    values
        (?, ?, ?, ?, ?, ?, ?)
Hibernate: 
    select
        c1_0.id,
        c1_0.creation_date,
        c1_0.email,
        c1_0.first_name,
        c1_0.last_name,
        c1_0.password,
        c1_0.update_date 
    from
        customer c1_0 
    where
        c1_0.id=?
Hibernate: 
    delete 
    from
        customer 
    where
        id=?
Hibernate: 
    select
        c1_0.id,
        c1_0.creation_date,
        c1_0.email,
        c1_0.first_name,
        c1_0.last_name,
        c1_0.password,
        c1_0.update_date 
    from
        customer c1_0 
    where
        c1_0.id=?
]]></system-out>
  </testcase>
  <testcase name="testFindAllCustomers" classname="com.clientApi.client.CustomerRepositoryTest" time="0.067">
    <system-out><![CDATA[Hibernate: 
    select
        c1_0.id,
        c1_0.creation_date,
        c1_0.email,
        c1_0.first_name,
        c1_0.last_name,
        c1_0.password,
        c1_0.update_date 
    from
        customer c1_0
Hibernate: 
    select
        next_val as id_val 
    from
        client_sequence_id for update
Hibernate: 
    update
        client_sequence_id 
    set
        next_val= ? 
    where
        next_val=?
Hibernate: 
    insert 
    into
        customer
        (creation_date, email, first_name, last_name, password, update_date, id) 
    values
        (?, ?, ?, ?, ?, ?, ?)
Hibernate: 
    select
        next_val as id_val 
    from
        client_sequence_id for update
Hibernate: 
    update
        client_sequence_id 
    set
        next_val= ? 
    where
        next_val=?
Hibernate: 
    insert 
    into
        customer
        (creation_date, email, first_name, last_name, password, update_date, id) 
    values
        (?, ?, ?, ?, ?, ?, ?)
Hibernate: 
    select
        c1_0.id,
        c1_0.creation_date,
        c1_0.email,
        c1_0.first_name,
        c1_0.last_name,
        c1_0.password,
        c1_0.update_date 
    from
        customer c1_0
]]></system-out>
  </testcase>
</testsuite>