<?xml version="1.0" encoding="UTF-8"?>
<testsuite xmlns:xsi="http://www.w3.org/2001/XMLSchema-instance" xsi:noNamespaceSchemaLocation="https://maven.apache.org/surefire/maven-surefire-plugin/xsd/surefire-test-report-3.0.xsd" version="3.0" name="com.clientApi.client.RabbitMQIntegrationTest" time="12.624" tests="1" errors="0" skipped="0" failures="0">
  <properties>
[...]
</properties>
  <testcase name="testSendAndReceive" classname="com.clientApi.client.RabbitMQIntegrationTest" time="0.016">
    <system-out><![CDATA[2024-06-19T20:30:38.415+02:00  INFO 1648 --- [           main] t.c.s.AnnotationConfigContextLoaderUtils : Could not detect default configuration classes for test class [com.clientApi.client.RabbitMQIntegrationTest]: RabbitMQIntegrationTest does not declare any static, non-private, non-final, nested classes annotated with @Configuration.
2024-06-19T20:30:38.435+02:00  INFO 1648 --- [           main] .b.t.c.SpringBootTestContextBootstrapper : Found @SpringBootConfiguration com.clientApi.CustomerApplication for test class com.clientApi.client.RabbitMQIntegrationTest
2024-06-19T20:30:38.490+02:00  INFO 1648 --- [           main] org.testcontainers.images.PullPolicy     : Image pull policy will be performed by: DefaultPullPolicy()
2024-06-19T20:30:38.494+02:00  INFO 1648 --- [           main] o.t.utility.ImageNameSubstitutor         : Image name substitution will be performed by: DefaultImageNameSubstitutor (composite of 'ConfigurationFileImageNameSubstitutor' and 'PrefixingImageNameSubstitutor')
2024-06-19T20:30:38.908+02:00  INFO 1648 --- [           main] o.t.d.DockerClientProviderStrategy       : Loaded org.testcontainers.dockerclient.NpipeSocketClientProviderStrategy from ~/.testcontainers.properties, will try it first
2024-06-19T20:30:39.303+02:00  INFO 1648 --- [           main] o.t.d.DockerClientProviderStrategy       : Found Docker environment with local Npipe socket (npipe:////./pipe/docker_engine)
2024-06-19T20:30:39.305+02:00  INFO 1648 --- [           main] org.testcontainers.DockerClientFactory   : Docker host IP address is localhost
2024-06-19T20:30:39.331+02:00  INFO 1648 --- [           main] org.testcontainers.DockerClientFactory   : Connected to docker: 
  Server Version: 26.1.1
  API Version: 1.45
  Operating System: Docker Desktop
  Total Memory: 7804 MB
2024-06-19T20:30:39.361+02:00  INFO 1648 --- [           main] tc.testcontainers/ryuk:0.6.0             : Creating container for image: testcontainers/ryuk:0.6.0
2024-06-19T20:30:39.513+02:00  INFO 1648 --- [           main] o.t.utility.RegistryAuthLocator          : Credential helper/store (docker-credential-desktop) does not have credentials for https://index.docker.io/v1/
2024-06-19T20:30:39.707+02:00  INFO 1648 --- [           main] tc.testcontainers/ryuk:0.6.0             : Container testcontainers/ryuk:0.6.0 is starting: f7a126c905448ff2ecaf69e9980c42bfe0ce1c88af31b40ab86b06a159601ae2
2024-06-19T20:30:40.180+02:00  INFO 1648 --- [           main] tc.testcontainers/ryuk:0.6.0             : Container testcontainers/ryuk:0.6.0 started in PT0.8185339S
2024-06-19T20:30:40.184+02:00  INFO 1648 --- [           main] o.t.utility.RyukResourceReaper           : Ryuk started - will monitor and terminate Testcontainers containers on JVM exit
2024-06-19T20:30:40.184+02:00  INFO 1648 --- [           main] org.testcontainers.DockerClientFactory   : Checking the system...
2024-06-19T20:30:40.185+02:00  INFO 1648 --- [           main] org.testcontainers.DockerClientFactory   : ✔︎ Docker server version should be at least 1.6.0
2024-06-19T20:30:40.186+02:00  INFO 1648 --- [           main] tc.rabbitmq:3-management                 : Creating container for image: rabbitmq:3-management
2024-06-19T20:30:40.307+02:00  INFO 1648 --- [           main] tc.rabbitmq:3-management                 : Container rabbitmq:3-management is starting: 1714f2a120a17f8d57c65136a230bd4221f0bfbc5325078c0305ba10c4a1aaa1
2024-06-19T20:30:49.036+02:00  INFO 1648 --- [           main] tc.rabbitmq:3-management                 : Container rabbitmq:3-management started in PT8.8500458S
2024-06-19T20:30:49.042+02:00  INFO 1648 --- [           main] o.s.b.d.r.RestartApplicationListener     : Restart disabled due to context in which it is running

  .   ____          _            __ _ _
 /\\ / ___'_ __ _ _(_)_ __  __ _ \ \ \ \
( ( )\___ | '_ | '_| | '_ \/ _` | \ \ \ \
 \\/  ___)| |_)| | | | | || (_| |  ) ) ) )
  '  |____| .__|_| |_|_| |_\__, | / / / /
 =========|_|==============|___/=/_/_/_/
 :: Spring Boot ::                (v3.2.4)

2024-06-19T20:30:49.064+02:00  INFO 1648 --- [           main] c.c.client.RabbitMQIntegrationTest       : Starting RabbitMQIntegrationTest using Java 21.0.3 with PID 1648 (started by LG in C:\Users\rahmo\WORKSPACE\MSPR_DEV\MSPR_Clients_API)
2024-06-19T20:30:49.064+02:00  INFO 1648 --- [           main] c.c.client.RabbitMQIntegrationTest       : The following 1 profile is active: "test"
2024-06-19T20:30:49.224+02:00  INFO 1648 --- [           main] .s.d.r.c.RepositoryConfigurationDelegate : Bootstrapping Spring Data JPA repositories in DEFAULT mode.
2024-06-19T20:30:49.233+02:00  INFO 1648 --- [           main] .s.d.r.c.RepositoryConfigurationDelegate : Finished Spring Data repository scanning in 8 ms. Found 1 JPA repository interface.
2024-06-19T20:30:49.332+02:00  INFO 1648 --- [           main] o.hibernate.jpa.internal.util.LogHelper  : HHH000204: Processing PersistenceUnitInfo [name: default]
2024-06-19T20:30:49.334+02:00  INFO 1648 --- [           main] o.h.c.internal.RegionFactoryInitiator    : HHH000026: Second-level cache disabled
2024-06-19T20:30:49.338+02:00  INFO 1648 --- [           main] o.s.o.j.p.SpringPersistenceUnitInfo      : No LoadTimeWeaver setup: ignoring JPA class transformer
2024-06-19T20:30:49.339+02:00  INFO 1648 --- [           main] com.zaxxer.hikari.HikariDataSource       : HikariPool-2 - Starting...
2024-06-19T20:30:49.810+02:00  INFO 1648 --- [           main] com.zaxxer.hikari.pool.HikariPool        : HikariPool-2 - Added connection conn0: url=jdbc:h2:mem:test user=SA
2024-06-19T20:30:49.810+02:00  INFO 1648 --- [           main] com.zaxxer.hikari.HikariDataSource       : HikariPool-2 - Start completed.
2024-06-19T20:30:49.826+02:00  WARN 1648 --- [           main] org.hibernate.dialect.Dialect            : HHH000511: The 2.2.0 version for [org.hibernate.dialect.MySQLDialect] is no longer supported, hence certain features may not work properly. The minimum supported version is 8.0.0. Check the community dialects project for available legacy versions.
2024-06-19T20:30:49.827+02:00  WARN 1648 --- [           main] org.hibernate.orm.deprecation            : HHH90000025: MySQLDialect does not need to be specified explicitly using 'hibernate.dialect' (remove the property setting and it will be selected by default)
2024-06-19T20:30:49.874+02:00  INFO 1648 --- [           main] o.h.e.t.j.p.i.JtaPlatformInitiator       : HHH000489: No JTA platform available (set 'hibernate.transaction.jta.platform' to enable JTA platform integration)
Hibernate: 
    drop table if exists client_sequence_id
Hibernate: 
    drop table if exists customer
Hibernate: 
    create table client_sequence_id (
        next_val bigint
    ) engine=InnoDB
Hibernate: 
    insert into client_sequence_id values ( 1 )
Hibernate: 
    create table customer (
        creation_date date,
        update_date date,
        id bigint not null,
        email varchar(255),
        first_name varchar(255),
        last_name varchar(255),
        password varchar(255),
        primary key (id)
    ) engine=InnoDB
Hibernate: 
    alter table customer 
       add constraint UKdwk6cx0afu8bs9o4t536v1j5v unique (email)
2024-06-19T20:30:49.902+02:00  INFO 1648 --- [           main] j.LocalContainerEntityManagerFactoryBean : Initialized JPA EntityManagerFactory for persistence unit 'default'
2024-06-19T20:30:50.350+02:00  WARN 1648 --- [           main] JpaBaseConfiguration$JpaWebConfiguration : spring.jpa.open-in-view is enabled by default. Therefore, database queries may be performed during view rendering. Explicitly configure spring.jpa.open-in-view to disable this warning
2024-06-19T20:30:50.387+02:00  INFO 1648 --- [           main] o.s.s.web.DefaultSecurityFilterChain     : Will secure any request with [org.springframework.security.web.session.DisableEncodeUrlFilter@43b1f076, org.springframework.security.web.context.request.async.WebAsyncManagerIntegrationFilter@5f4f5aaa, org.springframework.security.web.context.SecurityContextHolderFilter@6b968632, org.springframework.security.web.header.HeaderWriterFilter@4d1eb567, org.springframework.web.filter.CorsFilter@7b16c86c, org.springframework.security.web.authentication.logout.LogoutFilter@1461007a, com.clientApi.filter.JwtRequestFilter@968b960, org.springframework.security.web.savedrequest.RequestCacheAwareFilter@155f1904, org.springframework.security.web.servletapi.SecurityContextHolderAwareRequestFilter@2d523345, org.springframework.security.web.authentication.AnonymousAuthenticationFilter@4542ede8, org.springframework.security.web.session.SessionManagementFilter@57762b71, org.springframework.security.web.access.ExceptionTranslationFilter@3b58ade1, org.springframework.security.web.access.intercept.AuthorizationFilter@45ef70a6]
2024-06-19T20:30:50.424+02:00  WARN 1648 --- [           main] ion$DefaultTemplateResolverConfiguration : Cannot find template location: classpath:/templates/ (please add some templates, check your Thymeleaf configuration, or set spring.thymeleaf.check-template-location=false)
2024-06-19T20:30:50.448+02:00  INFO 1648 --- [           main] o.s.b.a.h2.H2ConsoleAutoConfiguration    : H2 console available at '/h2-console'. Database available at 'jdbc:h2:mem:test'
2024-06-19T20:30:50.469+02:00  INFO 1648 --- [           main] o.s.a.r.c.CachingConnectionFactory       : Attempting to connect to: [localhost:58510]
2024-06-19T20:30:50.477+02:00  INFO 1648 --- [           main] o.s.a.r.c.CachingConnectionFactory       : Created new connection: rabbitConnectionFactory#25df73ed:0/SimpleConnection@cbcbfa7 [delegate=amqp://guest@127.0.0.1:58510/, localPort=58514]
2024-06-19T20:30:50.478+02:00  INFO 1648 --- [           main] o.s.amqp.rabbit.core.RabbitAdmin         : Auto-declaring a non-durable, auto-delete, or exclusive Queue (orderQueue) durable:false, auto-delete:false, exclusive:false. It will be redeclared if the broker stops and is restarted while the connection factory is alive, but all messages will be lost.
2024-06-19T20:30:50.478+02:00  INFO 1648 --- [           main] o.s.amqp.rabbit.core.RabbitAdmin         : Auto-declaring a non-durable, auto-delete, or exclusive Queue (orderToSendQueue) durable:false, auto-delete:false, exclusive:false. It will be redeclared if the broker stops and is restarted while the connection factory is alive, but all messages will be lost.
2024-06-19T20:30:50.478+02:00  INFO 1648 --- [           main] o.s.amqp.rabbit.core.RabbitAdmin         : Auto-declaring a non-durable, auto-delete, or exclusive Queue (orderProductQueue) durable:false, auto-delete:false, exclusive:false. It will be redeclared if the broker stops and is restarted while the connection factory is alive, but all messages will be lost.
2024-06-19T20:30:50.478+02:00  INFO 1648 --- [           main] o.s.amqp.rabbit.core.RabbitAdmin         : Auto-declaring a non-durable, auto-delete, or exclusive Queue (clientIdsIdQueue) durable:false, auto-delete:false, exclusive:false. It will be redeclared if the broker stops and is restarted while the connection factory is alive, but all messages will be lost.
2024-06-19T20:30:50.478+02:00  INFO 1648 --- [           main] o.s.amqp.rabbit.core.RabbitAdmin         : Auto-declaring a non-durable, auto-delete, or exclusive Queue (responseClientIdsVerificationQueue) durable:false, auto-delete:false, exclusive:false. It will be redeclared if the broker stops and is restarted while the connection factory is alive, but all messages will be lost.
2024-06-19T20:30:50.516+02:00  INFO 1648 --- [           main] c.c.client.RabbitMQIntegrationTest       : Started RabbitMQIntegrationTest in 1.475 seconds (process running for 31.47)
Hibernate: 
    select
        next_val as id_val 
    from
        client_sequence_id for update
Hibernate: 
    update
        client_sequence_id 
    set
        next_val= ? 
    where
        next_val=?
Hibernate: 
    select
        next_val as id_val 
    from
        client_sequence_id for update
Hibernate: 
    update
        client_sequence_id 
    set
        next_val= ? 
    where
        next_val=?
Hibernate: 
    select
        next_val as id_val 
    from
        client_sequence_id for update
Hibernate: 
    update
        client_sequence_id 
    set
        next_val= ? 
    where
        next_val=?
Hibernate: 
    select
        next_val as id_val 
    from
        client_sequence_id for update
Hibernate: 
    update
        client_sequence_id 
    set
        next_val= ? 
    where
        next_val=?
Hibernate: 
    insert 
    into
        customer
        (creation_date, email, first_name, last_name, password, update_date, id) 
    values
        (?, ?, ?, ?, ?, ?, ?)
Hibernate: 
    insert 
    into
        customer
        (creation_date, email, first_name, last_name, password, update_date, id) 
    values
        (?, ?, ?, ?, ?, ?, ?)
Hibernate: 
    insert 
    into
        customer
        (creation_date, email, first_name, last_name, password, update_date, id) 
    values
        (?, ?, ?, ?, ?, ?, ?)
Hibernate: 
    insert 
    into
        customer
        (creation_date, email, first_name, last_name, password, update_date, id) 
    values
        (?, ?, ?, ?, ?, ?, ?)
]]></system-out>
  </testcase>
</testsuite>